Litten Litten из команды полосатых вступает в бой!
Bewear Bewear из команды фиолетовых вступает в бой!
Litten Litten промахивается

Bewear Bewear does ShadowClaw. 
Litten Litten теряет 4 здоровья.

Litten Litten does Swagger. 
Bewear Bewear увеличивает атаку.

Bewear Bewear промахивается

Litten Litten промахивается

Bewear Bewear растерянно попадает по себе. 
Bewear Bewear теряет 6 здоровья.

Litten Litten промахивается

Bewear Bewear does ShadowClaw. 
Litten Litten теряет 7 здоровья.

Litten Litten does Swagger. 
Bewear Bewear увеличивает атаку.

Bewear Bewear промахивается

Litten Litten does Swagger. 
Bewear Bewear увеличивает атаку.

Bewear Bewear растерянно попадает по себе. 
Bewear Bewear теряет 7 здоровья.

Litten Litten промахивается

Bewear Bewear does Swagger. 
Litten Litten увеличивает атаку.

Litten Litten does Swagger. 
Bewear Bewear увеличивает атаку.

Bewear Bewear растерянно попадает по себе. 
Bewear Bewear теряет 7 здоровья.
Bewear Bewear теряет сознание.
Stufful Stufful из команды фиолетовых вступает в бой!
Litten Litten промахивается

Stufful Stufful does Swagger. 
Litten Litten увеличивает атаку.

Litten Litten промахивается

Stufful Stufful does Swagger. 
Litten Litten увеличивает атаку.

Litten Litten промахивается

Stufful Stufful промахивается

Litten Litten does Swagger. 
Stufful Stufful увеличивает атаку.

Stufful Stufful промахивается

Litten Litten does Swagger. 
Stufful Stufful увеличивает атаку.

Stufful Stufful промахивается

Litten Litten промахивается

Stufful Stufful растерянно попадает по себе. 
Stufful Stufful теряет 4 здоровья.

Litten Litten does Swagger. 
Stufful Stufful увеличивает атаку.

Stufful Stufful does Swagger. 
Litten Litten увеличивает атаку.

Litten Litten промахивается

Stufful Stufful растерянно попадает по себе. 
Stufful Stufful теряет 6 здоровья.

Litten Litten растерянно попадает по себе. 
Litten Litten теряет 3 здоровья.
Litten Litten теряет сознание.
Torracat Torracat из команды полосатых вступает в бой!
Torracat Torracat промахивается

Stufful Stufful does Swagger. 
Torracat Torracat увеличивает атаку.

Torracat Torracat does Swagger. 
Stufful Stufful увеличивает атаку.

Stufful Stufful does Swagger. 
Torracat Torracat увеличивает атаку.

Torracat Torracat промахивается

Stufful Stufful промахивается

Torracat Torracat does GigaDrain. 
Stufful Stufful теряет 4 здоровья.
Torracat Torracat теряет 2 здоровья.
Stufful Stufful теряет сознание.
Latias Latias из команды фиолетовых вступает в бой!
Latias Latias does Swagger. 
Torracat Torracat увеличивает атаку.

Torracat Torracat промахивается

Latias Latias does Swagger. 
Torracat Torracat увеличивает атаку.

Torracat Torracat растерянно попадает по себе. 
Torracat Torracat теряет 6 здоровья.

Latias Latias does Swagger. 
Torracat Torracat увеличивает атаку.

Torracat Torracat растерянно попадает по себе. 
Torracat Torracat теряет 6 здоровья.
Torracat Torracat теряет сознание.
Incineroar Incineroar из команды полосатых вступает в бой!
Latias Latias does Swagger. 
Incineroar Incineroar увеличивает атаку.

Incineroar Incineroar промахивается

Latias Latias does Swagger. 
Incineroar Incineroar увеличивает атаку.

Incineroar Incineroar does GigaDrain. 
Latias Latias теряет 3 здоровья.
Incineroar Incineroar теряет 2 здоровья.

Latias Latias does Swagger. 
Incineroar Incineroar увеличивает атаку.

Incineroar Incineroar does TakeDown. 
Latias Latias теряет 8 здоровья.
Incineroar Incineroar восстанавливает 2 здоровья.

Latias Latias does Swagger. 
Incineroar Incineroar увеличивает атаку.

Incineroar Incineroar does GigaDrain. 
Latias Latias теряет 2 здоровья.
Incineroar Incineroar теряет 1 здоровья.
Latias Latias теряет сознание.
В команде фиолетовых не осталось покемонов.
Команда полосатых побеждает в этом бою!
